Using pre-set license
Built from '2022.3/staging' branch; Version is '2022.3.43f1 (85497d293fa1) revision 8735101'; Using compiler version '192829333'; Build Type 'Release'
OS: 'Windows 11  (10.0.22631) 64bit Professional' Language: 'en' Physical Memory: 15578 MB
BatchMode: 1, IsHumanControllingUs: 0, StartBugReporterOnCrash: 0, Is64bit: 1, IsPro: 1

COMMAND LINE ARGUMENTS:
C:\Program Files\Unity\Hub\Editor\2022.3.43f1\Editor\Unity.exe
-adb2
-batchMode
-noUpm
-name
AssetImportWorker4
-projectPath
C:/Main/unity/RunRich3D-clone
-logFile
Logs/AssetImportWorker4.log
-srvPort
51863
Successfully changed project path to: C:/Main/unity/RunRich3D-clone
C:/Main/unity/RunRich3D-clone
[UnityMemory] Configuration Parameters - Can be set up in boot.config
    "memorysetup-bucket-allocator-granularity=16"
    "memorysetup-bucket-allocator-bucket-count=8"
    "memorysetup-bucket-allocator-block-size=33554432"
    "memorysetup-bucket-allocator-block-count=8"
    "memorysetup-main-allocator-block-size=16777216"
    "memorysetup-thread-allocator-block-size=16777216"
    "memorysetup-gfx-main-allocator-block-size=16777216"
    "memorysetup-gfx-thread-allocator-block-size=16777216"
    "memorysetup-cache-allocator-block-size=4194304"
    "memorysetup-typetree-allocator-block-size=2097152"
    "memorysetup-profiler-bucket-allocator-granularity=16"
    "memorysetup-profiler-bucket-allocator-bucket-count=8"
    "memorysetup-profiler-bucket-allocator-block-size=33554432"
    "memorysetup-profiler-bucket-allocator-block-count=8"
    "memorysetup-profiler-allocator-block-size=16777216"
    "memorysetup-profiler-editor-allocator-block-size=1048576"
    "memorysetup-temp-allocator-size-main=16777216"
    "memorysetup-job-temp-allocator-block-size=2097152"
    "memorysetup-job-temp-allocator-block-size-background=1048576"
    "memorysetup-job-temp-allocator-reduction-small-platforms=262144"
    "memorysetup-allocator-temp-initial-block-size-main=262144"
    "memorysetup-allocator-temp-initial-block-size-worker=262144"
    "memorysetup-temp-allocator-size-background-worker=32768"
    "memorysetup-temp-allocator-size-job-worker=262144"
    "memorysetup-temp-allocator-size-preload-manager=33554432"
    "memorysetup-temp-allocator-size-nav-mesh-worker=65536"
    "memorysetup-temp-allocator-size-audio-worker=65536"
    "memorysetup-temp-allocator-size-cloud-worker=32768"
    "memorysetup-temp-allocator-size-gi-baking-worker=262144"
    "memorysetup-temp-allocator-size-gfx=262144"
Player connection [32332]  Target information:

Player connection [32332]  * "[IP] 169.254.1.87 [Port] 0 [Flags] 2 [Guid] 1414733032 [EditorId] 1414733032 [Version] 1048832 [Id] WindowsEditor(7,DESKTOP-MMNE20E) [Debug] 1 [PackageName] WindowsEditor [ProjectName] Editor" 

Player connection [32332]  * "[IP] 26.195.104.232 [Port] 0 [Flags] 2 [Guid] 1414733032 [EditorId] 1414733032 [Version] 1048832 [Id] WindowsEditor(7,DESKTOP-MMNE20E) [Debug] 1 [PackageName] WindowsEditor [ProjectName] Editor" 

Player connection [32332]  * "[IP] 192.168.1.2 [Port] 0 [Flags] 2 [Guid] 1414733032 [EditorId] 1414733032 [Version] 1048832 [Id] WindowsEditor(7,DESKTOP-MMNE20E) [Debug] 1 [PackageName] WindowsEditor [ProjectName] Editor" 

Player connection [32332] Host joined multi-casting on [225.0.0.222:54997]...
Player connection [32332] Host joined alternative multi-casting on [225.0.0.222:34997]...
[PhysX] Initialized MultithreadedTaskDispatcher with 24 workers.
Refreshing native plugins compatible for Editor in 10.74 ms, found 3 plugins.
Preloading 0 native plugins for Editor in 0.00 ms.
Initialize engine version: 2022.3.43f1 (85497d293fa1)
[Subsystems] Discovering subsystems at path C:/Program Files/Unity/Hub/Editor/2022.3.43f1/Editor/Data/Resources/UnitySubsystems
[Subsystems] Discovering subsystems at path C:/Main/unity/RunRich3D-clone/Assets
GfxDevice: creating device client; threaded=0; jobified=0
Direct3D:
    Version:  Direct3D 11.0 [level 11.1]
    Renderer: NVIDIA GeForce RTX 4060 Laptop GPU (ID=0x28e0)
    Vendor:   NVIDIA
    VRAM:     7972 MB
    Driver:   31.0.15.4680
Initialize mono
Mono path[0] = 'C:/Program Files/Unity/Hub/Editor/2022.3.43f1/Editor/Data/Managed'
Mono path[1] = 'C:/Program Files/Unity/Hub/Editor/2022.3.43f1/Editor/Data/MonoBleedingEdge/lib/mono/unityjit-win32'
Mono config path = 'C:/Program Files/Unity/Hub/Editor/2022.3.43f1/Editor/Data/MonoBleedingEdge/etc'
Using monoOptions --debugger-agent=transport=dt_socket,embedding=1,server=y,suspend=n,address=127.0.0.1:56812
Begin MonoManager ReloadAssembly
Registering precompiled unity dll's ...
Register platform support module: C:/Program Files/Unity/Hub/Editor/2022.3.43f1/Editor/Data/PlaybackEngines/WebGLSupport/UnityEditor.WebGL.Extensions.dll
Register platform support module: C:/Program Files/Unity/Hub/Editor/2022.3.43f1/Editor/Data/PlaybackEngines/AndroidPlayer/UnityEditor.Android.Extensions.dll
Register platform support module: C:/Program Files/Unity/Hub/Editor/2022.3.43f1/Editor/Data/PlaybackEngines/WindowsStandaloneSupport/UnityEditor.WindowsStandalone.Extensions.dll
Registered in 0.006647 seconds.
- Loaded All Assemblies, in  0.354 seconds
Native extension for WindowsStandalone target not found
Native extension for Android target not found
Android Extension - Scanning For ADB Devices 224 ms
Native extension for WebGL target not found
Mono: successfully reloaded assembly
- Finished resetting the current domain, in  0.427 seconds
Domain Reload Profiling: 780ms
	BeginReloadAssembly (150ms)
		ExecutionOrderSort (0ms)
		DisableScriptedObjects (0ms)
		BackupInstance (0ms)
		ReleaseScriptingObjects (0ms)
		CreateAndSetChildDomain (1ms)
	RebuildCommonClasses (25ms)
	RebuildNativeTypeToScriptingClass (8ms)
	initialDomainReloadingComplete (48ms)
	LoadAllAssembliesAndSetupDomain (122ms)
		LoadAssemblies (149ms)
		RebuildTransferFunctionScriptingTraits (0ms)
		AnalyzeDomain (119ms)
			TypeCache.Refresh (118ms)
				TypeCache.ScanAssembly (106ms)
			ScanForSourceGeneratedMonoScriptInfo (0ms)
			ResolveRequiredComponents (1ms)
	FinalizeReload (428ms)
		ReleaseScriptCaches (0ms)
		RebuildScriptCaches (0ms)
		SetupLoadedEditorAssemblies (391ms)
			LogAssemblyErrors (0ms)
			InitializePlatformSupportModulesInManaged (283ms)
			SetLoadedEditorAssemblies (3ms)
			RefreshPlugins (0ms)
			BeforeProcessingInitializeOnLoad (1ms)
			ProcessInitializeOnLoadAttributes (74ms)
			ProcessInitializeOnLoadMethodAttributes (30ms)
			AfterProcessingInitializeOnLoad (0ms)
			EditorAssembliesLoaded (0ms)
		ExecutionOrderSort2 (0ms)
		AwakeInstancesAfterBackupRestoration (0ms)
========================================================================
Worker process is ready to serve import requests
Caller must complete domain reload
Begin MonoManager ReloadAssembly
- Loaded All Assemblies, in  0.480 seconds
Native extension for WindowsStandalone target not found
Native extension for Android target not found
Native extension for WebGL target not found
Package Manager log level set to [2]
[Package Manager] Server::EnsureServerProcessIsRunning -- launch failed, reason: Unity was launched with the -noUpm command-line argument
[Package Manager] UpmClient::Send -- Unable to send message (not connected to UPM process).
[Package Manager] Cannot connect to Unity Package Manager local server
Mono: successfully reloaded assembly
- Finished resetting the current domain, in  0.443 seconds
Domain Reload Profiling: 922ms
	BeginReloadAssembly (104ms)
		ExecutionOrderSort (0ms)
		DisableScriptedObjects (3ms)
		BackupInstance (0ms)
		ReleaseScriptingObjects (0ms)
		CreateAndSetChildDomain (20ms)
	RebuildCommonClasses (22ms)
	RebuildNativeTypeToScriptingClass (7ms)
	initialDomainReloadingComplete (26ms)
	LoadAllAssembliesAndSetupDomain (320ms)
		LoadAssemblies (226ms)
		RebuildTransferFunctionScriptingTraits (0ms)
		AnalyzeDomain (150ms)
			TypeCache.Refresh (125ms)
				TypeCache.ScanAssembly (106ms)
			ScanForSourceGeneratedMonoScriptInfo (17ms)
			ResolveRequiredComponents (7ms)
	FinalizeReload (444ms)
		ReleaseScriptCaches (0ms)
		RebuildScriptCaches (0ms)
		SetupLoadedEditorAssemblies (348ms)
			LogAssemblyErrors (0ms)
			InitializePlatformSupportModulesInManaged (12ms)
			SetLoadedEditorAssemblies (2ms)
			RefreshPlugins (0ms)
			BeforeProcessingInitializeOnLoad (49ms)
			ProcessInitializeOnLoadAttributes (237ms)
			ProcessInitializeOnLoadMethodAttributes (44ms)
			AfterProcessingInitializeOnLoad (4ms)
			EditorAssembliesLoaded (0ms)
		ExecutionOrderSort2 (0ms)
		AwakeInstancesAfterBackupRestoration (4ms)
Launched and connected shader compiler UnityShaderCompiler.exe after 0.04 seconds
Refreshing native plugins compatible for Editor in 3.41 ms, found 3 plugins.
Preloading 0 native plugins for Editor in 0.00 ms.
Unloading 5460 Unused Serialized files (Serialized files now loaded: 0)
Unloading 26 unused Assets / (386.3 KB). Loaded Objects now: 5930.
Memory consumption went from 217.6 MB to 217.3 MB.
Total: 3.344000 ms (FindLiveObjects: 0.445700 ms CreateObjectMapping: 0.161300 ms MarkObjects: 2.569500 ms  DeleteObjects: 0.166900 ms)

AssetImportParameters requested are different than current active one (requested -> active):
  custom:container-demuxer-ogg: 62fdf1f143b41e24485cea50d1cbac27 -> 
  custom:video-decoder-ogg-theora: a1e56fd34408186e4bbccfd4996cb3dc -> 
  custom:framework-win-MediaFoundation: 216162199b28c13a410421893ffa2e32 -> 
  custom:CustomObjectIndexerAttribute: 72b91833f83ae208fae7752999fa3104 -> 
  custom:container-demuxer-webm: 4f35f7cbe854078d1ac9338744f61a02 -> 
  custom:container-muxer-webm: aa71ff27fc2769a1b78a27578f13a17b -> 
  custom:video-decoder-webm-vp8: 9c59270c3fd7afecdb556c50c9e8de78 -> 
  custom:SearchIndexIgnoredProperties: e643bd26f0fe6173181afceb89e7c659 -> 
  custom:AudioImporter_EditorPlatform: d09bf68614088b80899f8185d706f6e7 -> 
  custom:video-encoder-webm-vp8: eb34c28f22e8b96e1ab97ce403110664 -> 
  custom:audio-decoder-ogg-vorbis: bf7c407c2cedff20999df2af8eb42d56 -> 
  custom:audio-encoder-webm-vorbis: bf7c407c2cedff20999df2af8eb42d56 -> 
========================================================================
Received Import Request.
  Time since last request: 66072.210668 seconds.
  path: Assets/Visual/Default.mat
  artifactKey: Guid(bd68bbd0dd23b8d418a9f083de14d23d) Importer(815301076,1909f56bfc062723c751e8b465ee728b)
Start importing Assets/Visual/Default.mat using Guid(bd68bbd0dd23b8d418a9f083de14d23d) Importer(815301076,1909f56bfc062723c751e8b465ee728b) [PhysX] Initialized MultithreadedTaskDispatcher with 24 workers.
[PhysX] Initialized MultithreadedTaskDispatcher with 24 workers.
 -> (artifact id: '9360ce67a734cd3d0980c1a76aef74ce') in 0.224911 seconds
Number of updated asset objects reloaded before import = 0
Number of asset objects unloaded after import = 22
========================================================================
Received Import Request.
  Time since last request: 1.728165 seconds.
  path: Assets/Visual/Fonts/Inter-Medium.ttf
  artifactKey: Guid(bc058661f92d62743a7def3ad26f6c3c) Importer(815301076,1909f56bfc062723c751e8b465ee728b)
Start importing Assets/Visual/Fonts/Inter-Medium.ttf using Guid(bc058661f92d62743a7def3ad26f6c3c) Importer(815301076,1909f56bfc062723c751e8b465ee728b) [PhysX] Initialized MultithreadedTaskDispatcher with 24 workers.
[PhysX] Initialized MultithreadedTaskDispatcher with 24 workers.
[PhysX] Initialized MultithreadedTaskDispatcher with 24 workers.
 -> (artifact id: '7b2ca0c3aac7180e483b61afdae5142f') in 0.060978 seconds
Number of updated asset objects reloaded before import = 0
Number of asset objects unloaded after import = 5
========================================================================
Received Import Request.
  Time since last request: 0.370002 seconds.
  path: Assets/Visual/Material/Art.mat
  artifactKey: Guid(d20594fc61b97a546affdf9d311ba968) Importer(815301076,1909f56bfc062723c751e8b465ee728b)
Start importing Assets/Visual/Material/Art.mat using Guid(d20594fc61b97a546affdf9d311ba968) Importer(815301076,1909f56bfc062723c751e8b465ee728b) [PhysX] Initialized MultithreadedTaskDispatcher with 24 workers.
[PhysX] Initialized MultithreadedTaskDispatcher with 24 workers.
 -> (artifact id: 'd54c3dac2bfff62c5a4fca32547bacec') in 0.016531 seconds
Number of updated asset objects reloaded before import = 0
Number of asset objects unloaded after import = 4
========================================================================
Received Import Request.
  Time since last request: 0.005792 seconds.
  path: Assets/Visual/Material/Car.mat
  artifactKey: Guid(d2f23861b0b20df4287c94aa12d8aefa) Importer(815301076,1909f56bfc062723c751e8b465ee728b)
Start importing Assets/Visual/Material/Car.mat using Guid(d2f23861b0b20df4287c94aa12d8aefa) Importer(815301076,1909f56bfc062723c751e8b465ee728b) [PhysX] Initialized MultithreadedTaskDispatcher with 24 workers.
[PhysX] Initialized MultithreadedTaskDispatcher with 24 workers.
 -> (artifact id: '177e9da5be10f8c3700609c1b4b6c83e') in 0.017072 seconds
Number of updated asset objects reloaded before import = 0
Number of asset objects unloaded after import = 3
========================================================================
Received Import Request.
  Time since last request: 0.000023 seconds.
  path: Assets/Visual/Material/fading_circle.mat
  artifactKey: Guid(36187b60a2644a5429a890a42b269bca) Importer(815301076,1909f56bfc062723c751e8b465ee728b)
Start importing Assets/Visual/Material/fading_circle.mat using Guid(36187b60a2644a5429a890a42b269bca) Importer(815301076,1909f56bfc062723c751e8b465ee728b) [PhysX] Initialized MultithreadedTaskDispatcher with 24 workers.
[PhysX] Initialized MultithreadedTaskDispatcher with 24 workers.
 -> (artifact id: '95d522b2e1a2702828bcd548f83ffac1') in 0.039637 seconds
Number of updated asset objects reloaded before import = 0
Number of asset objects unloaded after import = 3
========================================================================
Received Import Request.
  Time since last request: 0.000022 seconds.
  path: Assets/Visual/Material/MainFont-gameover.mat
  artifactKey: Guid(d32844e0f42c03341a6e66f7dfff6d2f) Importer(815301076,1909f56bfc062723c751e8b465ee728b)
Start importing Assets/Visual/Material/MainFont-gameover.mat using Guid(d32844e0f42c03341a6e66f7dfff6d2f) Importer(815301076,1909f56bfc062723c751e8b465ee728b) [PhysX] Initialized MultithreadedTaskDispatcher with 24 workers.
[PhysX] Initialized MultithreadedTaskDispatcher with 24 workers.
 -> (artifact id: '039e7a1c53b94691bda0d7bb3ae39767') in 0.009022 seconds
Number of updated asset objects reloaded before import = 0
Number of asset objects unloaded after import = 3
========================================================================
Received Import Request.
  Time since last request: 0.000038 seconds.
  path: Assets/Visual/Material/Mikado Material.mat
  artifactKey: Guid(1bc08ba8ddecc214995febca40aa66f0) Importer(815301076,1909f56bfc062723c751e8b465ee728b)
Start importing Assets/Visual/Material/Mikado Material.mat using Guid(1bc08ba8ddecc214995febca40aa66f0) Importer(815301076,1909f56bfc062723c751e8b465ee728b) [PhysX] Initialized MultithreadedTaskDispatcher with 24 workers.
[PhysX] Initialized MultithreadedTaskDispatcher with 24 workers.
 -> (artifact id: '94b1d46031974c8011e31853ef7fb491') in 0.008686 seconds
Number of updated asset objects reloaded before import = 0
Number of asset objects unloaded after import = 3
========================================================================
Received Import Request.
  Time since last request: 0.000022 seconds.
  path: Assets/Visual/Material/player_mat_Shop 1.mat
  artifactKey: Guid(3764e27b7a9aa2b4eaa5c8a78651cd17) Importer(815301076,1909f56bfc062723c751e8b465ee728b)
Start importing Assets/Visual/Material/player_mat_Shop 1.mat using Guid(3764e27b7a9aa2b4eaa5c8a78651cd17) Importer(815301076,1909f56bfc062723c751e8b465ee728b) [PhysX] Initialized MultithreadedTaskDispatcher with 24 workers.
[PhysX] Initialized MultithreadedTaskDispatcher with 24 workers.
 -> (artifact id: '25d25c9356b45958068e2b75d12743e9') in 0.012732 seconds
Number of updated asset objects reloaded before import = 0
Number of asset objects unloaded after import = 4
========================================================================
Received Import Request.
  Time since last request: 0.000025 seconds.
  path: Assets/Visual/Material/GoodDoor.mat
  artifactKey: Guid(1c88fc483a06dec4ebb4401d50e10871) Importer(815301076,1909f56bfc062723c751e8b465ee728b)
Start importing Assets/Visual/Material/GoodDoor.mat using Guid(1c88fc483a06dec4ebb4401d50e10871) Importer(815301076,1909f56bfc062723c751e8b465ee728b) [PhysX] Initialized MultithreadedTaskDispatcher with 24 workers.
[PhysX] Initialized MultithreadedTaskDispatcher with 24 workers.
 -> (artifact id: '3c35a08d68820280ce96c599695b23b5') in 0.015493 seconds
Number of updated asset objects reloaded before import = 0
Number of asset objects unloaded after import = 2
========================================================================
Received Import Request.
  Time since last request: 0.000026 seconds.
  path: Assets/Visual/Material/Plane_Finish.mat
  artifactKey: Guid(fff4098b94f6e684383798210d12a8a9) Importer(815301076,1909f56bfc062723c751e8b465ee728b)
Start importing Assets/Visual/Material/Plane_Finish.mat using Guid(fff4098b94f6e684383798210d12a8a9) Importer(815301076,1909f56bfc062723c751e8b465ee728b) [PhysX] Initialized MultithreadedTaskDispatcher with 24 workers.
[PhysX] Initialized MultithreadedTaskDispatcher with 24 workers.
 -> (artifact id: '992c9a4779c0b6f2c38807b264f3875f') in 0.012223 seconds
Number of updated asset objects reloaded before import = 0
Number of asset objects unloaded after import = 3
========================================================================
Received Import Request.
  Time since last request: 0.000041 seconds.
  path: Assets/Visual/Material/light_blend.mat
  artifactKey: Guid(9d141b5518273544385023ffdce2e47a) Importer(815301076,1909f56bfc062723c751e8b465ee728b)
Start importing Assets/Visual/Material/light_blend.mat using Guid(9d141b5518273544385023ffdce2e47a) Importer(815301076,1909f56bfc062723c751e8b465ee728b) [PhysX] Initialized MultithreadedTaskDispatcher with 24 workers.
[PhysX] Initialized MultithreadedTaskDispatcher with 24 workers.
 -> (artifact id: 'e8ad75e5225553b80de505253f9f0d0e') in 0.017746 seconds
Number of updated asset objects reloaded before import = 0
Number of asset objects unloaded after import = 3
========================================================================
Received Import Request.
  Time since last request: 0.000025 seconds.
  path: Assets/Visual/Material/player_mat_Shop.mat
  artifactKey: Guid(658c91a22044b6c4f850cb4ec0e17b19) Importer(815301076,1909f56bfc062723c751e8b465ee728b)
Start importing Assets/Visual/Material/player_mat_Shop.mat using Guid(658c91a22044b6c4f850cb4ec0e17b19) Importer(815301076,1909f56bfc062723c751e8b465ee728b) [PhysX] Initialized MultithreadedTaskDispatcher with 24 workers.
[PhysX] Initialized MultithreadedTaskDispatcher with 24 workers.
 -> (artifact id: '427dcec490cfc7e0fcdebdb35ab8b3ea') in 0.008126 seconds
Number of updated asset objects reloaded before import = 0
Number of asset objects unloaded after import = 3
========================================================================
Received Import Request.
  Time since last request: 0.000024 seconds.
  path: Assets/Visual/Material/Grass.mat
  artifactKey: Guid(a7bf4a66094c4de44a5d10fbcc2605ab) Importer(815301076,1909f56bfc062723c751e8b465ee728b)
Start importing Assets/Visual/Material/Grass.mat using Guid(a7bf4a66094c4de44a5d10fbcc2605ab) Importer(815301076,1909f56bfc062723c751e8b465ee728b) [PhysX] Initialized MultithreadedTaskDispatcher with 24 workers.
[PhysX] Initialized MultithreadedTaskDispatcher with 24 workers.
 -> (artifact id: '99b0f3422cde02f2833275da577f253b') in 0.014576 seconds
Number of updated asset objects reloaded before import = 0
Number of asset objects unloaded after import = 3
========================================================================
Received Import Request.
  Time since last request: 0.000019 seconds.
  path: Assets/Visual/Material/halo_splash.mat
  artifactKey: Guid(e6e3a9d9bc6e75e4e9bf18f09ea607c3) Importer(815301076,1909f56bfc062723c751e8b465ee728b)
Start importing Assets/Visual/Material/halo_splash.mat using Guid(e6e3a9d9bc6e75e4e9bf18f09ea607c3) Importer(815301076,1909f56bfc062723c751e8b465ee728b) [PhysX] Initialized MultithreadedTaskDispatcher with 24 workers.
[PhysX] Initialized MultithreadedTaskDispatcher with 24 workers.
 -> (artifact id: '3cc5b0246ef261077691ba68c98b9c32') in 0.015192 seconds
Number of updated asset objects reloaded before import = 0
Number of asset objects unloaded after import = 3
========================================================================
Received Import Request.
  Time since last request: 0.000032 seconds.
  path: Assets/Visual/Material/Ground2.mat
  artifactKey: Guid(755e71885db187a468631ba0f463dd47) Importer(815301076,1909f56bfc062723c751e8b465ee728b)
Start importing Assets/Visual/Material/Ground2.mat using Guid(755e71885db187a468631ba0f463dd47) Importer(815301076,1909f56bfc062723c751e8b465ee728b) [PhysX] Initialized MultithreadedTaskDispatcher with 24 workers.
[PhysX] Initialized MultithreadedTaskDispatcher with 24 workers.
 -> (artifact id: '3fd4c79c033f9eebee48f03e3e9ef089') in 0.037905 seconds
Number of updated asset objects reloaded before import = 0
Number of asset objects unloaded after import = 2
========================================================================
Received Import Request.
  Time since last request: 0.000022 seconds.
  path: Assets/Visual/Material/enviro_mat.mat
  artifactKey: Guid(b7c868b7748b1024bb70f666fc629611) Importer(815301076,1909f56bfc062723c751e8b465ee728b)
Start importing Assets/Visual/Material/enviro_mat.mat using Guid(b7c868b7748b1024bb70f666fc629611) Importer(815301076,1909f56bfc062723c751e8b465ee728b) [PhysX] Initialized MultithreadedTaskDispatcher with 24 workers.
[PhysX] Initialized MultithreadedTaskDispatcher with 24 workers.
 -> (artifact id: '331ea51cbf7457897d75224787d87c7f') in 0.009549 seconds
Number of updated asset objects reloaded before import = 0
Number of asset objects unloaded after import = 3
========================================================================
Received Import Request.
  Time since last request: 0.000035 seconds.
  path: Assets/Visual/Material/Ground.mat
  artifactKey: Guid(3b306f50e7dbcf84e953fc48cc83ec5a) Importer(815301076,1909f56bfc062723c751e8b465ee728b)
Start importing Assets/Visual/Material/Ground.mat using Guid(3b306f50e7dbcf84e953fc48cc83ec5a) Importer(815301076,1909f56bfc062723c751e8b465ee728b) [PhysX] Initialized MultithreadedTaskDispatcher with 24 workers.
[PhysX] Initialized MultithreadedTaskDispatcher with 24 workers.
 -> (artifact id: '944e82994d738b978ff30779ec7ac019') in 0.031692 seconds
Number of updated asset objects reloaded before import = 0
Number of asset objects unloaded after import = 3
========================================================================
Received Import Request.
  Time since last request: 0.000024 seconds.
  path: Assets/Visual/Material/Checkpoints.mat
  artifactKey: Guid(b56c1ccfffdd3a146966219c39c8f478) Importer(815301076,1909f56bfc062723c751e8b465ee728b)
Start importing Assets/Visual/Material/Checkpoints.mat using Guid(b56c1ccfffdd3a146966219c39c8f478) Importer(815301076,1909f56bfc062723c751e8b465ee728b) [PhysX] Initialized MultithreadedTaskDispatcher with 24 workers.
[PhysX] Initialized MultithreadedTaskDispatcher with 24 workers.
 -> (artifact id: '87ccacf6b3a385fc03ca9ffd48eaebbf') in 0.013149 seconds
Number of updated asset objects reloaded before import = 0
Number of asset objects unloaded after import = 2
========================================================================
Received Import Request.
  Time since last request: 0.000031 seconds.
  path: Assets/Visual/Mesh/AfricanGirl_Casual.asset
  artifactKey: Guid(338e83defb7cb1b4eab43e1f8b4fbaf0) Importer(815301076,1909f56bfc062723c751e8b465ee728b)
Start importing Assets/Visual/Mesh/AfricanGirl_Casual.asset using Guid(338e83defb7cb1b4eab43e1f8b4fbaf0) Importer(815301076,1909f56bfc062723c751e8b465ee728b) [PhysX] Initialized MultithreadedTaskDispatcher with 24 workers.
[PhysX] Initialized MultithreadedTaskDispatcher with 24 workers.
 -> (artifact id: 'ee947a9a448723b599539c8747675c8a') in 0.147862 seconds
Number of updated asset objects reloaded before import = 0
Number of asset objects unloaded after import = 2
========================================================================
Received Import Request.
  Time since last request: 0.000025 seconds.
  path: Assets/Visual/Mesh/Bathroom_Poor.asset
  artifactKey: Guid(5c55cb572f0ce5f47a260783541ccd88) Importer(815301076,1909f56bfc062723c751e8b465ee728b)
Start importing Assets/Visual/Mesh/Bathroom_Poor.asset using Guid(5c55cb572f0ce5f47a260783541ccd88) Importer(815301076,1909f56bfc062723c751e8b465ee728b) [PhysX] Initialized MultithreadedTaskDispatcher with 24 workers.
[PhysX] Initialized MultithreadedTaskDispatcher with 24 workers.
 -> (artifact id: 'f4c573fd596cd90fb2f9add34989c3c0') in 0.009639 seconds
Number of updated asset objects reloaded before import = 0
Number of asset objects unloaded after import = 2
========================================================================
Received Import Request.
  Time since last request: 0.000038 seconds.
  path: Assets/Visual/Mesh/Bag_Billet.asset
  artifactKey: Guid(c3a025123f408c5458fc6820600f1d7d) Importer(815301076,1909f56bfc062723c751e8b465ee728b)
Start importing Assets/Visual/Mesh/Bag_Billet.asset using Guid(c3a025123f408c5458fc6820600f1d7d) Importer(815301076,1909f56bfc062723c751e8b465ee728b) [PhysX] Initialized MultithreadedTaskDispatcher with 24 workers.
[PhysX] Initialized MultithreadedTaskDispatcher with 24 workers.
 -> (artifact id: 'e3af76fca0e3f546bf3b64e67111a103') in 0.010739 seconds
Number of updated asset objects reloaded before import = 0
Number of asset objects unloaded after import = 2
========================================================================
Received Import Request.
  Time since last request: 0.000022 seconds.
  path: Assets/Visual/Mesh/Barbecue_Poor.asset
  artifactKey: Guid(61fcef7894db9cf40939be7c2cd047d5) Importer(815301076,1909f56bfc062723c751e8b465ee728b)
Start importing Assets/Visual/Mesh/Barbecue_Poor.asset using Guid(61fcef7894db9cf40939be7c2cd047d5) Importer(815301076,1909f56bfc062723c751e8b465ee728b) [PhysX] Initialized MultithreadedTaskDispatcher with 24 workers.
[PhysX] Initialized MultithreadedTaskDispatcher with 24 workers.
 -> (artifact id: '7d350885836dfebf68cf9d52296c4f82') in 0.016491 seconds
Number of updated asset objects reloaded before import = 0
Number of asset objects unloaded after import = 2
========================================================================
Received Import Request.
  Time since last request: 0.000027 seconds.
  path: Assets/Visual/Mesh/Bike_Character.asset
  artifactKey: Guid(bfc1e7d152f498d478a5e078967d2d77) Importer(815301076,1909f56bfc062723c751e8b465ee728b)
Start importing Assets/Visual/Mesh/Bike_Character.asset using Guid(bfc1e7d152f498d478a5e078967d2d77) Importer(815301076,1909f56bfc062723c751e8b465ee728b) [PhysX] Initialized MultithreadedTaskDispatcher with 24 workers.
[PhysX] Initialized MultithreadedTaskDispatcher with 24 workers.
 -> (artifact id: '59ff82aba99fdf69cce507cd270d7499') in 0.016096 seconds
Number of updated asset objects reloaded before import = 0
Number of asset objects unloaded after import = 2
========================================================================
Received Import Request.
  Time since last request: 0.000028 seconds.
  path: Assets/Visual/Mesh/Bathroom_Descent.asset
  artifactKey: Guid(c65500912373c57478404f164754a055) Importer(815301076,1909f56bfc062723c751e8b465ee728b)
Start importing Assets/Visual/Mesh/Bathroom_Descent.asset using Guid(c65500912373c57478404f164754a055) Importer(815301076,1909f56bfc062723c751e8b465ee728b) [PhysX] Initialized MultithreadedTaskDispatcher with 24 workers.
[PhysX] Initialized MultithreadedTaskDispatcher with 24 workers.
 -> (artifact id: 'f58aa860fd5d84affdfc01442a02b6d3') in 0.012197 seconds
Number of updated asset objects reloaded before import = 0
Number of asset objects unloaded after import = 2
========================================================================
Received Import Request.
  Time since last request: 0.000017 seconds.
  path: Assets/Visual/Mesh/Bank_Piggy.asset
  artifactKey: Guid(74b2a776778f0ff4b8de5b590ba1a805) Importer(815301076,1909f56bfc062723c751e8b465ee728b)
Start importing Assets/Visual/Mesh/Bank_Piggy.asset using Guid(74b2a776778f0ff4b8de5b590ba1a805) Importer(815301076,1909f56bfc062723c751e8b465ee728b) [PhysX] Initialized MultithreadedTaskDispatcher with 24 workers.
[PhysX] Initialized MultithreadedTaskDispatcher with 24 workers.
 -> (artifact id: '11a3262d08cee00e7325e67f5c353e47') in 0.012722 seconds
Number of updated asset objects reloaded before import = 0
Number of asset objects unloaded after import = 2
========================================================================
Received Import Request.
  Time since last request: 0.000023 seconds.
  path: Assets/Visual/Mesh/Art_Rich_02.asset
  artifactKey: Guid(17e1e1bf8912b86489802924532d85c1) Importer(815301076,1909f56bfc062723c751e8b465ee728b)
Start importing Assets/Visual/Mesh/Art_Rich_02.asset using Guid(17e1e1bf8912b86489802924532d85c1) Importer(815301076,1909f56bfc062723c751e8b465ee728b) [PhysX] Initialized MultithreadedTaskDispatcher with 24 workers.
[PhysX] Initialized MultithreadedTaskDispatcher with 24 workers.
 -> (artifact id: '1a84d9f83eb8c48ef7cc4b51ca157130') in 0.011742 seconds
Number of updated asset objects reloaded before import = 0
Number of asset objects unloaded after import = 2
========================================================================
Received Import Request.
  Time since last request: 0.000021 seconds.
  path: Assets/Visual/Mesh/Barbecue_Rich.asset
  artifactKey: Guid(870b5c59583fbd2438656acc4c5c7b4f) Importer(815301076,1909f56bfc062723c751e8b465ee728b)
Start importing Assets/Visual/Mesh/Barbecue_Rich.asset using Guid(870b5c59583fbd2438656acc4c5c7b4f) Importer(815301076,1909f56bfc062723c751e8b465ee728b) [PhysX] Initialized MultithreadedTaskDispatcher with 24 workers.
[PhysX] Initialized MultithreadedTaskDispatcher with 24 workers.
 -> (artifact id: '6f5f71a0cd71ff966a2ecf2d5478d966') in 0.012209 seconds
Number of updated asset objects reloaded before import = 0
Number of asset objects unloaded after import = 2
========================================================================
Received Import Request.
  Time since last request: 0.000028 seconds.
  path: Assets/Visual/Mesh/AfricanGirl_Poor.asset
  artifactKey: Guid(ede7f2149665d1d42ada0c721e7db3a9) Importer(815301076,1909f56bfc062723c751e8b465ee728b)
Start importing Assets/Visual/Mesh/AfricanGirl_Poor.asset using Guid(ede7f2149665d1d42ada0c721e7db3a9) Importer(815301076,1909f56bfc062723c751e8b465ee728b) [PhysX] Initialized MultithreadedTaskDispatcher with 24 workers.
[PhysX] Initialized MultithreadedTaskDispatcher with 24 workers.
 -> (artifact id: '90eed9ee4cee279138b8bf78854b8eee') in 0.022173 seconds
Number of updated asset objects reloaded before import = 0
Number of asset objects unloaded after import = 2
========================================================================
Received Import Request.
  Time since last request: 0.000019 seconds.
  path: Assets/Visual/Mesh/bibli_Descent.asset
  artifactKey: Guid(3014d43b2d48b03478f369c2a792ac49) Importer(815301076,1909f56bfc062723c751e8b465ee728b)
Start importing Assets/Visual/Mesh/bibli_Descent.asset using Guid(3014d43b2d48b03478f369c2a792ac49) Importer(815301076,1909f56bfc062723c751e8b465ee728b) [PhysX] Initialized MultithreadedTaskDispatcher with 24 workers.
[PhysX] Initialized MultithreadedTaskDispatcher with 24 workers.
 -> (artifact id: '4b06903a2a8ab5a55f339cd4d2d7df40') in 0.010448 seconds
Number of updated asset objects reloaded before import = 0
Number of asset objects unloaded after import = 2
========================================================================
Received Import Request.
  Time since last request: 0.000017 seconds.
  path: Assets/Visual/Mesh/AfricanGirl_Rich.asset
  artifactKey: Guid(afe21f2afa0771942b1e870254b68e6c) Importer(815301076,1909f56bfc062723c751e8b465ee728b)
Start importing Assets/Visual/Mesh/AfricanGirl_Rich.asset using Guid(afe21f2afa0771942b1e870254b68e6c) Importer(815301076,1909f56bfc062723c751e8b465ee728b) [PhysX] Initialized MultithreadedTaskDispatcher with 24 workers.
[PhysX] Initialized MultithreadedTaskDispatcher with 24 workers.
 -> (artifact id: '304d3f0f6bd69638562d99a000ecd8bc') in 0.027014 seconds
Number of updated asset objects reloaded before import = 0
Number of asset objects unloaded after import = 2
========================================================================
Received Import Request.
  Time since last request: 0.000041 seconds.
  path: Assets/Visual/Material/MainFont-Win.mat
  artifactKey: Guid(796b6a68ca001074d99d6b95960b3847) Importer(815301076,1909f56bfc062723c751e8b465ee728b)
Start importing Assets/Visual/Material/MainFont-Win.mat using Guid(796b6a68ca001074d99d6b95960b3847) Importer(815301076,1909f56bfc062723c751e8b465ee728b) [PhysX] Initialized MultithreadedTaskDispatcher with 24 workers.
[PhysX] Initialized MultithreadedTaskDispatcher with 24 workers.
 -> (artifact id: '291008ecfe1c75fd13ea0b89d41c77ec') in 0.008014 seconds
Number of updated asset objects reloaded before import = 0
Number of asset objects unloaded after import = 3
========================================================================
Received Import Request.
  Time since last request: 0.000020 seconds.
  path: Assets/Visual/Mesh/bibli_Rich00.asset
  artifactKey: Guid(180831fdcb8d0b24eb83893d948ed40d) Importer(815301076,1909f56bfc062723c751e8b465ee728b)
Start importing Assets/Visual/Mesh/bibli_Rich00.asset using Guid(180831fdcb8d0b24eb83893d948ed40d) Importer(815301076,1909f56bfc062723c751e8b465ee728b) [PhysX] Initialized MultithreadedTaskDispatcher with 24 workers.
[PhysX] Initialized MultithreadedTaskDispatcher with 24 workers.
 -> (artifact id: 'b264d883b2ffa9d7382405cca5049638') in 0.012964 seconds
Number of updated asset objects reloaded before import = 0
Number of asset objects unloaded after import = 2
========================================================================
Received Import Request.
  Time since last request: 0.000050 seconds.
  path: Assets/Visual/Mesh/Aladdin_Millionaire.asset
  artifactKey: Guid(16776abbe5e952342bdfada63c069620) Importer(815301076,1909f56bfc062723c751e8b465ee728b)
Start importing Assets/Visual/Mesh/Aladdin_Millionaire.asset using Guid(16776abbe5e952342bdfada63c069620) Importer(815301076,1909f56bfc062723c751e8b465ee728b) [PhysX] Initialized MultithreadedTaskDispatcher with 24 workers.
[PhysX] Initialized MultithreadedTaskDispatcher with 24 workers.
 -> (artifact id: 'e242cb463ce22864245f7574c5d578d8') in 0.020593 seconds
Number of updated asset objects reloaded before import = 0
Number of asset objects unloaded after import = 2
========================================================================
Received Import Request.
  Time since last request: 0.000020 seconds.
  path: Assets/Visual/Material/mat_blue_transp.mat
  artifactKey: Guid(2616e8acf64d63042b09e838c74d2820) Importer(815301076,1909f56bfc062723c751e8b465ee728b)
Start importing Assets/Visual/Material/mat_blue_transp.mat using Guid(2616e8acf64d63042b09e838c74d2820) Importer(815301076,1909f56bfc062723c751e8b465ee728b) [PhysX] Initialized MultithreadedTaskDispatcher with 24 workers.
[PhysX] Initialized MultithreadedTaskDispatcher with 24 workers.
 -> (artifact id: '38e856ff9e62367f67b5400e8e691288') in 0.271390 seconds
Number of updated asset objects reloaded before import = 0
Number of asset objects unloaded after import = 2
========================================================================
Received Import Request.
  Time since last request: 0.372786 seconds.
  path: Assets/Visual/Mesh/Building_00.asset
  artifactKey: Guid(ea188f9d3331b84499256cd5ed130776) Importer(815301076,1909f56bfc062723c751e8b465ee728b)
Start importing Assets/Visual/Mesh/Building_00.asset using Guid(ea188f9d3331b84499256cd5ed130776) Importer(815301076,1909f56bfc062723c751e8b465ee728b) [PhysX] Initialized MultithreadedTaskDispatcher with 24 workers.
[PhysX] Initialized MultithreadedTaskDispatcher with 24 workers.
 -> (artifact id: 'ee6c50dae2564889af21deffc0966d8a') in 0.010746 seconds
Number of updated asset objects reloaded before import = 0
Number of asset objects unloaded after import = 2
========================================================================
Received Import Request.
  Time since last request: 0.000143 seconds.
  path: Assets/Visual/Mesh/Children_Descent_Room.asset
  artifactKey: Guid(807105e97bbea714faa88d31e4adab8d) Importer(815301076,1909f56bfc062723c751e8b465ee728b)
Start importing Assets/Visual/Mesh/Children_Descent_Room.asset using Guid(807105e97bbea714faa88d31e4adab8d) Importer(815301076,1909f56bfc062723c751e8b465ee728b) [PhysX] Initialized MultithreadedTaskDispatcher with 24 workers.
[PhysX] Initialized MultithreadedTaskDispatcher with 24 workers.
 -> (artifact id: 'b6a91222de95b4fefb3e27b7ab7d6ef4') in 0.010366 seconds
Number of updated asset objects reloaded before import = 0
Number of asset objects unloaded after import = 2
========================================================================
Received Import Request.
  Time since last request: 0.000926 seconds.
  path: Assets/Visual/Mesh/Children_Rich_Room.asset
  artifactKey: Guid(344b11c53a0ab0a49ba530c3b2512b8e) Importer(815301076,1909f56bfc062723c751e8b465ee728b)
Start importing Assets/Visual/Mesh/Children_Rich_Room.asset using Guid(344b11c53a0ab0a49ba530c3b2512b8e) Importer(815301076,1909f56bfc062723c751e8b465ee728b) [PhysX] Initialized MultithreadedTaskDispatcher with 24 workers.
[PhysX] Initialized MultithreadedTaskDispatcher with 24 workers.
 -> (artifact id: '98c67fe040c4e43c7ebd007ba6090c8f') in 0.005098 seconds
Number of updated asset objects reloaded before import = 0
Number of asset objects unloaded after import = 2
========================================================================
Received Import Request.
  Time since last request: 0.000016 seconds.
  path: Assets/Visual/Mesh/Cinema_Poor.asset
  artifactKey: Guid(aea2ad354daf3be4093e59de67e70967) Importer(815301076,1909f56bfc062723c751e8b465ee728b)
Start importing Assets/Visual/Mesh/Cinema_Poor.asset using Guid(aea2ad354daf3be4093e59de67e70967) Importer(815301076,1909f56bfc062723c751e8b465ee728b) [PhysX] Initialized MultithreadedTaskDispatcher with 24 workers.
[PhysX] Initialized MultithreadedTaskDispatcher with 24 workers.
 -> (artifact id: 'b8a8ecf960ade3927f49d51fc67dc176') in 0.005527 seconds
Number of updated asset objects reloaded before import = 0
Number of asset objects unloaded after import = 2
========================================================================
Received Import Request.
  Time since last request: 0.002861 seconds.
  path: Assets/Visual/Mesh/Controller.asset
  artifactKey: Guid(d5d576efe8028d04bb005bab59cd37c5) Importer(815301076,1909f56bfc062723c751e8b465ee728b)
Start importing Assets/Visual/Mesh/Controller.asset using Guid(d5d576efe8028d04bb005bab59cd37c5) Importer(815301076,1909f56bfc062723c751e8b465ee728b) [PhysX] Initialized MultithreadedTaskDispatcher with 24 workers.
[PhysX] Initialized MultithreadedTaskDispatcher with 24 workers.
 -> (artifact id: '2de9ef6fe0fa6e58e2468f70317ccee9') in 0.011701 seconds
Number of updated asset objects reloaded before import = 0
Number of asset objects unloaded after import = 2
========================================================================
Received Import Request.
  Time since last request: 0.002142 seconds.
  path: Assets/Visual/Mesh/Covid.asset
  artifactKey: Guid(e3457c0c00f5022459761df2b8134e02) Importer(815301076,1909f56bfc062723c751e8b465ee728b)
Start importing Assets/Visual/Mesh/Covid.asset using Guid(e3457c0c00f5022459761df2b8134e02) Importer(815301076,1909f56bfc062723c751e8b465ee728b) [PhysX] Initialized MultithreadedTaskDispatcher with 24 workers.
[PhysX] Initialized MultithreadedTaskDispatcher with 24 workers.
 -> (artifact id: '96031047bd7795f73005d6447c4ca281') in 0.014290 seconds
Number of updated asset objects reloaded before import = 0
Number of asset objects unloaded after import = 2
========================================================================
Received Import Request.
  Time since last request: 0.000452 seconds.
  path: Assets/Visual/Mesh/Cowboy_Middle.asset
  artifactKey: Guid(7fdfdbc3d53b8f8429085e81d980c8f2) Importer(815301076,1909f56bfc062723c751e8b465ee728b)
Start importing Assets/Visual/Mesh/Cowboy_Middle.asset using Guid(7fdfdbc3d53b8f8429085e81d980c8f2) Importer(815301076,1909f56bfc062723c751e8b465ee728b) [PhysX] Initialized MultithreadedTaskDispatcher with 24 workers.
[PhysX] Initialized MultithreadedTaskDispatcher with 24 workers.
 -> (artifact id: '21b252de95e480a83b2365e9f312d829') in 0.017800 seconds
Number of updated asset objects reloaded before import = 0
Number of asset objects unloaded after import = 2
========================================================================
Received Import Request.
  Time since last request: 0.007931 seconds.
  path: Assets/Visual/Mesh/Cowboy_Rich.asset
  artifactKey: Guid(d05f9aab43813d044b263be3c9490216) Importer(815301076,1909f56bfc062723c751e8b465ee728b)
Start importing Assets/Visual/Mesh/Cowboy_Rich.asset using Guid(d05f9aab43813d044b263be3c9490216) Importer(815301076,1909f56bfc062723c751e8b465ee728b) [PhysX] Initialized MultithreadedTaskDispatcher with 24 workers.
[PhysX] Initialized MultithreadedTaskDispatcher with 24 workers.
 -> (artifact id: '52d71ab22ab685e40dec3b691fdd82cf') in 0.019478 seconds
Number of updated asset objects reloaded before import = 0
Number of asset objects unloaded after import = 2
========================================================================
Received Import Request.
  Time since last request: 0.000020 seconds.
  path: Assets/Visual/Mesh/Door.001.asset
  artifactKey: Guid(081c16b95e858a04cb8988beb4499452) Importer(815301076,1909f56bfc062723c751e8b465ee728b)
Start importing Assets/Visual/Mesh/Door.001.asset using Guid(081c16b95e858a04cb8988beb4499452) Importer(815301076,1909f56bfc062723c751e8b465ee728b) [PhysX] Initialized MultithreadedTaskDispatcher with 24 workers.
[PhysX] Initialized MultithreadedTaskDispatcher with 24 workers.
 -> (artifact id: '975cb80f7d53192f111fcada2695922b') in 0.012863 seconds
Number of updated asset objects reloaded before import = 0
Number of asset objects unloaded after import = 2
========================================================================
Received Import Request.
  Time since last request: 0.869880 seconds.
  path: Assets/Visual/Sprite/am-skip.asset
  artifactKey: Guid(4965b46bc9d58a24ca952b1d43067080) Importer(815301076,1909f56bfc062723c751e8b465ee728b)
Start importing Assets/Visual/Sprite/am-skip.asset using Guid(4965b46bc9d58a24ca952b1d43067080) Importer(815301076,1909f56bfc062723c751e8b465ee728b) [PhysX] Initialized MultithreadedTaskDispatcher with 24 workers.
 -> (artifact id: '56fb4440717ef799e7abf03254683dae') in 0.015565 seconds
Number of updated asset objects reloaded before import = 0
Number of asset objects unloaded after import = 3
========================================================================
Received Import Request.
  Time since last request: 0.000221 seconds.
  path: Assets/Visual/Sprite/Arrow_0.asset
  artifactKey: Guid(d07d65c5edbae504b9cdd086044b39d8) Importer(815301076,1909f56bfc062723c751e8b465ee728b)
Start importing Assets/Visual/Sprite/Arrow_0.asset using Guid(d07d65c5edbae504b9cdd086044b39d8) Importer(815301076,1909f56bfc062723c751e8b465ee728b) [PhysX] Initialized MultithreadedTaskDispatcher with 24 workers.
 -> (artifact id: 'f0b71dc9e1b73649533abf9cdd8fd757') in 0.013048 seconds
Number of updated asset objects reloaded before import = 0
Number of asset objects unloaded after import = 3
========================================================================
Received Import Request.
  Time since last request: 0.000018 seconds.
  path: Assets/Visual/Sprite/Back.asset
  artifactKey: Guid(dcbe2e230273a1942969c089f3091fe4) Importer(815301076,1909f56bfc062723c751e8b465ee728b)
Start importing Assets/Visual/Sprite/Back.asset using Guid(dcbe2e230273a1942969c089f3091fe4) Importer(815301076,1909f56bfc062723c751e8b465ee728b) [PhysX] Initialized MultithreadedTaskDispatcher with 24 workers.
 -> (artifact id: '1a4ea9eb89df19b06767f64172981dcb') in 0.010345 seconds
Number of updated asset objects reloaded before import = 0
Number of asset objects unloaded after import = 3
========================================================================
Received Import Request.
  Time since last request: 0.000017 seconds.
  path: Assets/Visual/Sprite/bag.asset
  artifactKey: Guid(a9058b2c595d9e64282336dfe5c13d3a) Importer(815301076,1909f56bfc062723c751e8b465ee728b)
Start importing Assets/Visual/Sprite/bag.asset using Guid(a9058b2c595d9e64282336dfe5c13d3a) Importer(815301076,1909f56bfc062723c751e8b465ee728b) [PhysX] Initialized MultithreadedTaskDispatcher with 24 workers.
 -> (artifact id: 'a4a0546799e52901c33fef87143e936c') in 0.010643 seconds
Number of updated asset objects reloaded before import = 0
Number of asset objects unloaded after import = 3
========================================================================
Received Import Request.
  Time since last request: 0.000019 seconds.
  path: Assets/Visual/Sprite/arrow_selected.asset
  artifactKey: Guid(e39b7b4455109fe4baa7caeda0b2f56c) Importer(815301076,1909f56bfc062723c751e8b465ee728b)
Start importing Assets/Visual/Sprite/arrow_selected.asset using Guid(e39b7b4455109fe4baa7caeda0b2f56c) Importer(815301076,1909f56bfc062723c751e8b465ee728b) [PhysX] Initialized MultithreadedTaskDispatcher with 24 workers.
 -> (artifact id: 'e769a9363af000ddacd423cd894f266e') in 0.013740 seconds
Number of updated asset objects reloaded before import = 0
Number of asset objects unloaded after import = 3
========================================================================
Received Import Request.
  Time since last request: 0.000023 seconds.
  path: Assets/Visual/Sprite/button.asset
  artifactKey: Guid(87a26f44b34b374419d9dab3adac1860) Importer(815301076,1909f56bfc062723c751e8b465ee728b)
Start importing Assets/Visual/Sprite/button.asset using Guid(87a26f44b34b374419d9dab3adac1860) Importer(815301076,1909f56bfc062723c751e8b465ee728b) [PhysX] Initialized MultithreadedTaskDispatcher with 24 workers.
 -> (artifact id: '50da17820a8fedf114618842d9441cbe') in 0.011161 seconds
Number of updated asset objects reloaded before import = 0
Number of asset objects unloaded after import = 3
========================================================================
Received Import Request.
  Time since last request: 0.000017 seconds.
  path: Assets/Visual/Sprite/Checkmark.asset
  artifactKey: Guid(ea12bb1e28ca5f04abad5ba1fa9f2884) Importer(815301076,1909f56bfc062723c751e8b465ee728b)
Start importing Assets/Visual/Sprite/Checkmark.asset using Guid(ea12bb1e28ca5f04abad5ba1fa9f2884) Importer(815301076,1909f56bfc062723c751e8b465ee728b) [PhysX] Initialized MultithreadedTaskDispatcher with 24 workers.
 -> (artifact id: 'dca8ffbec28c5cd158c918877b963aea') in 0.009952 seconds
Number of updated asset objects reloaded before import = 0
Number of asset objects unloaded after import = 3
========================================================================
Received Import Request.
  Time since last request: 0.000023 seconds.
  path: Assets/Visual/Sprite/Circle 3.asset
  artifactKey: Guid(ce4d29b199678f243a1eef75ce20a9f3) Importer(815301076,1909f56bfc062723c751e8b465ee728b)
Start importing Assets/Visual/Sprite/Circle 3.asset using Guid(ce4d29b199678f243a1eef75ce20a9f3) Importer(815301076,1909f56bfc062723c751e8b465ee728b) [PhysX] Initialized MultithreadedTaskDispatcher with 24 workers.
 -> (artifact id: '00fd2b80a1f8e489fca04b2c02579d5f') in 0.010262 seconds
Number of updated asset objects reloaded before import = 0
Number of asset objects unloaded after import = 3
========================================================================
Received Import Request.
  Time since last request: 0.000020 seconds.
  path: Assets/Visual/Sprite/console.asset
  artifactKey: Guid(e2861a73b0c236045aad3a03a5af0138) Importer(815301076,1909f56bfc062723c751e8b465ee728b)
Start importing Assets/Visual/Sprite/console.asset using Guid(e2861a73b0c236045aad3a03a5af0138) Importer(815301076,1909f56bfc062723c751e8b465ee728b) [PhysX] Initialized MultithreadedTaskDispatcher with 24 workers.
 -> (artifact id: '33a2d1fcd51f27ec91846ef4f0188ff8') in 0.008698 seconds
Number of updated asset objects reloaded before import = 0
Number of asset objects unloaded after import = 3
========================================================================
Received Import Request.
  Time since last request: 0.000018 seconds.
  path: Assets/Visual/Sprite/crosspromo_window.asset
  artifactKey: Guid(11f81f72533f67f47b9f2ee871417097) Importer(815301076,1909f56bfc062723c751e8b465ee728b)
Start importing Assets/Visual/Sprite/crosspromo_window.asset using Guid(11f81f72533f67f47b9f2ee871417097) Importer(815301076,1909f56bfc062723c751e8b465ee728b) [PhysX] Initialized MultithreadedTaskDispatcher with 24 workers.
 -> (artifact id: '3199b51da6d28385e708a1bc29e99eae') in 0.010109 seconds
Number of updated asset objects reloaded before import = 0
Number of asset objects unloaded after import = 3
========================================================================
Received Import Request.
  Time since last request: 0.000026 seconds.
  path: Assets/Visual/Sprite/couronne_laurier.asset
  artifactKey: Guid(20f2d4eb5838eb743a59d77446d5cc34) Importer(815301076,1909f56bfc062723c751e8b465ee728b)
Start importing Assets/Visual/Sprite/couronne_laurier.asset using Guid(20f2d4eb5838eb743a59d77446d5cc34) Importer(815301076,1909f56bfc062723c751e8b465ee728b) [PhysX] Initialized MultithreadedTaskDispatcher with 24 workers.
 -> (artifact id: 'a5983f6f0952ec08d2448581ae3ff839') in 0.012114 seconds
Number of updated asset objects reloaded before import = 0
Number of asset objects unloaded after import = 3
========================================================================
Received Import Request.
  Time since last request: 0.000019 seconds.
  path: Assets/Visual/Sprite/button_outline.asset
  artifactKey: Guid(905ad17971993734e8230a416512db58) Importer(815301076,1909f56bfc062723c751e8b465ee728b)
Start importing Assets/Visual/Sprite/button_outline.asset using Guid(905ad17971993734e8230a416512db58) Importer(815301076,1909f56bfc062723c751e8b465ee728b) [PhysX] Initialized MultithreadedTaskDispatcher with 24 workers.
 -> (artifact id: '7e4af682b1917aca70284aa03e3700a8') in 0.009915 seconds
Number of updated asset objects reloaded before import = 0
Number of asset objects unloaded after import = 3
========================================================================
Received Import Request.
  Time since last request: 0.000021 seconds.
  path: Assets/Visual/Sprite/circle_gauge.asset
  artifactKey: Guid(f6a011fdbaa6eac458b2e4606ad5b6b8) Importer(815301076,1909f56bfc062723c751e8b465ee728b)
Start importing Assets/Visual/Sprite/circle_gauge.asset using Guid(f6a011fdbaa6eac458b2e4606ad5b6b8) Importer(815301076,1909f56bfc062723c751e8b465ee728b) [PhysX] Initialized MultithreadedTaskDispatcher with 24 workers.
Sprite Dollar_Green matches more than one built-in atlases. Default to use the first available atlas.
 -> (artifact id: '4f313dc8955b197fee8e4fd5eb556bce') in 0.057529 seconds
Number of updated asset objects reloaded before import = 0
Number of asset objects unloaded after import = 36
========================================================================
Received Import Request.
  Time since last request: 0.921902 seconds.
  path: Assets/Visual/Sprite/9grid_purple.asset
  artifactKey: Guid(cd52d03a1d28e19458baeb505913a7d9) Importer(815301076,1909f56bfc062723c751e8b465ee728b)
Start importing Assets/Visual/Sprite/9grid_purple.asset using Guid(cd52d03a1d28e19458baeb505913a7d9) Importer(815301076,1909f56bfc062723c751e8b465ee728b) [PhysX] Initialized MultithreadedTaskDispatcher with 24 workers.
 -> (artifact id: '5fe2e53bff972f2c4adef860fbaefef8') in 0.016573 seconds
Number of updated asset objects reloaded before import = 0
Number of asset objects unloaded after import = 3
========================================================================
Received Import Request.
  Time since last request: 0.000028 seconds.
  path: Assets/Visual/Sprite/50_coins.asset
  artifactKey: Guid(3cc36db9d8eb81348a1deedb686b233b) Importer(815301076,1909f56bfc062723c751e8b465ee728b)
Start importing Assets/Visual/Sprite/50_coins.asset using Guid(3cc36db9d8eb81348a1deedb686b233b) Importer(815301076,1909f56bfc062723c751e8b465ee728b) [PhysX] Initialized MultithreadedTaskDispatcher with 24 workers.
 -> (artifact id: '109042f0511d7cf5316971c0b54c2eaf') in 0.014334 seconds
Number of updated asset objects reloaded before import = 0
Number of asset objects unloaded after import = 3
========================================================================
Received Import Request.
  Time since last request: 0.000021 seconds.
  path: Assets/Visual/Sprite/500_coins.asset
  artifactKey: Guid(5c67754efd491b045b39fd606e1e17c2) Importer(815301076,1909f56bfc062723c751e8b465ee728b)
Start importing Assets/Visual/Sprite/500_coins.asset using Guid(5c67754efd491b045b39fd606e1e17c2) Importer(815301076,1909f56bfc062723c751e8b465ee728b) [PhysX] Initialized MultithreadedTaskDispatcher with 24 workers.
 -> (artifact id: '42fdd9ebef95aa8736e5d6115c3288d0') in 0.015123 seconds
Number of updated asset objects reloaded before import = 0
Number of asset objects unloaded after import = 3
========================================================================
Received Import Request.
  Time since last request: 0.000016 seconds.
  path: Assets/Visual/Sprite/african_Thumbnail.asset
  artifactKey: Guid(9f658713a98997b428dcb9d315abbeb8) Importer(815301076,1909f56bfc062723c751e8b465ee728b)
Start importing Assets/Visual/Sprite/african_Thumbnail.asset using Guid(9f658713a98997b428dcb9d315abbeb8) Importer(815301076,1909f56bfc062723c751e8b465ee728b) [PhysX] Initialized MultithreadedTaskDispatcher with 24 workers.
 -> (artifact id: '2a7487d6970e39fc25bd0251ed848b40') in 0.017517 seconds
Number of updated asset objects reloaded before import = 0
Number of asset objects unloaded after import = 3
========================================================================
Received Import Request.
  Time since last request: 0.211912 seconds.
  path: Assets/Visual/Sprite/currency.asset
  artifactKey: Guid(5ee33472b71cae34daca49d72fe01f60) Importer(815301076,1909f56bfc062723c751e8b465ee728b)
Start importing Assets/Visual/Sprite/currency.asset using Guid(5ee33472b71cae34daca49d72fe01f60) Importer(815301076,1909f56bfc062723c751e8b465ee728b) [PhysX] Initialized MultithreadedTaskDispatcher with 24 workers.
 -> (artifact id: 'd27637a1d6925802125caceee3146eca') in 0.016344 seconds
Number of updated asset objects reloaded before import = 0
Number of asset objects unloaded after import = 3
========================================================================
Received Import Request.
  Time since last request: 0.000024 seconds.
  path: Assets/Visual/Sprite/gauge_full.asset
  artifactKey: Guid(a8be0885866a43942849709a0bf53ac2) Importer(815301076,1909f56bfc062723c751e8b465ee728b)
Start importing Assets/Visual/Sprite/gauge_full.asset using Guid(a8be0885866a43942849709a0bf53ac2) Importer(815301076,1909f56bfc062723c751e8b465ee728b) [PhysX] Initialized MultithreadedTaskDispatcher with 24 workers.
Sprite Dollar_Green matches more than one built-in atlases. Default to use the first available atlas.
 -> (artifact id: '36761653b4dbe54b9c05362bb2bcf8a4') in 0.016700 seconds
Number of updated asset objects reloaded before import = 0
Number of asset objects unloaded after import = 19
========================================================================
Received Import Request.
  Time since last request: 0.000020 seconds.
  path: Assets/Visual/Sprite/gauge_retry.asset
  artifactKey: Guid(7caa6d1d37e2d79499f5a8b414d82047) Importer(815301076,1909f56bfc062723c751e8b465ee728b)
Start importing Assets/Visual/Sprite/gauge_retry.asset using Guid(7caa6d1d37e2d79499f5a8b414d82047) Importer(815301076,1909f56bfc062723c751e8b465ee728b) [PhysX] Initialized MultithreadedTaskDispatcher with 24 workers.
 -> (artifact id: '1201ca22e99917974db9fc9927765df0') in 0.014192 seconds
Number of updated asset objects reloaded before import = 0
Number of asset objects unloaded after import = 3
========================================================================
Received Import Request.
  Time since last request: 0.000024 seconds.
  path: Assets/Visual/Sprite/gdpr_warning.asset
  artifactKey: Guid(e85dd7cdee33c62428f6baf555485e3a) Importer(815301076,1909f56bfc062723c751e8b465ee728b)
Start importing Assets/Visual/Sprite/gdpr_warning.asset using Guid(e85dd7cdee33c62428f6baf555485e3a) Importer(815301076,1909f56bfc062723c751e8b465ee728b) [PhysX] Initialized MultithreadedTaskDispatcher with 24 workers.
 -> (artifact id: '83e9903374c1abc6d9e5f220b1d89f0f') in 0.008831 seconds
Number of updated asset objects reloaded before import = 0
Number of asset objects unloaded after import = 3
========================================================================
Received Import Request.
  Time since last request: 0.000021 seconds.
  path: Assets/Visual/Sprite/gem_smoke.asset
  artifactKey: Guid(e85920d90997eb148804cb486cef699f) Importer(815301076,1909f56bfc062723c751e8b465ee728b)
Start importing Assets/Visual/Sprite/gem_smoke.asset using Guid(e85920d90997eb148804cb486cef699f) Importer(815301076,1909f56bfc062723c751e8b465ee728b) [PhysX] Initialized MultithreadedTaskDispatcher with 24 workers.
 -> (artifact id: 'e8df3a77ecccfc0e08d4f5b81447c4b0') in 0.015254 seconds
Number of updated asset objects reloaded before import = 0
Number of asset objects unloaded after import = 3
========================================================================
Received Import Request.
  Time since last request: 0.000019 seconds.
  path: Assets/Visual/Sprite/gold_bills.asset
  artifactKey: Guid(5299be8e04fabfd44a8b39a8d44160e6) Importer(815301076,1909f56bfc062723c751e8b465ee728b)
Start importing Assets/Visual/Sprite/gold_bills.asset using Guid(5299be8e04fabfd44a8b39a8d44160e6) Importer(815301076,1909f56bfc062723c751e8b465ee728b) [PhysX] Initialized MultithreadedTaskDispatcher with 24 workers.
 -> (artifact id: '016e659f588754f5cda6e643db9b10a3') in 0.017217 seconds
Number of updated asset objects reloaded before import = 0
Number of asset objects unloaded after import = 3
========================================================================
Received Import Request.
  Time since last request: 0.000018 seconds.
  path: Assets/Visual/Sprite/gdpr_link.asset
  artifactKey: Guid(d0f0afc82499fa8459fe54e4edf05389) Importer(815301076,1909f56bfc062723c751e8b465ee728b)
Start importing Assets/Visual/Sprite/gdpr_link.asset using Guid(d0f0afc82499fa8459fe54e4edf05389) Importer(815301076,1909f56bfc062723c751e8b465ee728b) [PhysX] Initialized MultithreadedTaskDispatcher with 24 workers.
 -> (artifact id: 'c4d4e6ff321e5ebcbd35278e9c80996d') in 0.014140 seconds
Number of updated asset objects reloaded before import = 0
Number of asset objects unloaded after import = 3
========================================================================
Received Import Request.
  Time since last request: 0.000018 seconds.
  path: Assets/Visual/Sprite/gauge_retry_fill.asset
  artifactKey: Guid(498ebe002bfc03446be1608054428f8a) Importer(815301076,1909f56bfc062723c751e8b465ee728b)
Start importing Assets/Visual/Sprite/gauge_retry_fill.asset using Guid(498ebe002bfc03446be1608054428f8a) Importer(815301076,1909f56bfc062723c751e8b465ee728b) [PhysX] Initialized MultithreadedTaskDispatcher with 24 workers.
 -> (artifact id: 'eecf5c0f1902fd9b915f16476f2ba678') in 0.016460 seconds
Number of updated asset objects reloaded before import = 0
Number of asset objects unloaded after import = 3
========================================================================
Received Import Request.
  Time since last request: 0.149826 seconds.
  path: Assets/Visual/Sprite/9grid_bgshop.asset
  artifactKey: Guid(4275aebdd16044242a1a204ccb4b4959) Importer(815301076,1909f56bfc062723c751e8b465ee728b)
Start importing Assets/Visual/Sprite/9grid_bgshop.asset using Guid(4275aebdd16044242a1a204ccb4b4959) Importer(815301076,1909f56bfc062723c751e8b465ee728b) [PhysX] Initialized MultithreadedTaskDispatcher with 24 workers.
 -> (artifact id: '9343ab6449a5a86aaeb1b061e236e017') in 0.016163 seconds
Number of updated asset objects reloaded before import = 0
Number of asset objects unloaded after import = 3
========================================================================
Received Import Request.
  Time since last request: 0.000018 seconds.
  path: Assets/Visual/Sprite/9grid_black_transparent.asset
  artifactKey: Guid(228356f1d83023749b7496df5b11bc9d) Importer(815301076,1909f56bfc062723c751e8b465ee728b)
Start importing Assets/Visual/Sprite/9grid_black_transparent.asset using Guid(228356f1d83023749b7496df5b11bc9d) Importer(815301076,1909f56bfc062723c751e8b465ee728b) [PhysX] Initialized MultithreadedTaskDispatcher with 24 workers.
 -> (artifact id: 'd538d48f68b66068b9211708684a5b7e') in 0.027091 seconds
Number of updated asset objects reloaded before import = 0
Number of asset objects unloaded after import = 28
========================================================================
Received Import Request.
  Time since last request: 0.000020 seconds.
  path: Assets/Visual/Sprite/9grid_blue_transparent.asset
  artifactKey: Guid(f85c191e6fcc7fa4ab74878c3c23e23d) Importer(815301076,1909f56bfc062723c751e8b465ee728b)
Start importing Assets/Visual/Sprite/9grid_blue_transparent.asset using Guid(f85c191e6fcc7fa4ab74878c3c23e23d) Importer(815301076,1909f56bfc062723c751e8b465ee728b) [PhysX] Initialized MultithreadedTaskDispatcher with 24 workers.
 -> (artifact id: '0a0e436a3169b8c8786c2e7202dffd56') in 0.014705 seconds
Number of updated asset objects reloaded before import = 0
Number of asset objects unloaded after import = 3
========================================================================
Received Import Request.
  Time since last request: 0.000032 seconds.
  path: Assets/Visual/Sprite/9grid_orange.asset
  artifactKey: Guid(8e1ec972aaf7f224496a75ad9f4c517e) Importer(815301076,1909f56bfc062723c751e8b465ee728b)
Start importing Assets/Visual/Sprite/9grid_orange.asset using Guid(8e1ec972aaf7f224496a75ad9f4c517e) Importer(815301076,1909f56bfc062723c751e8b465ee728b) [PhysX] Initialized MultithreadedTaskDispatcher with 24 workers.
Sprite Dollar_Green matches more than one built-in atlases. Default to use the first available atlas.
 -> (artifact id: 'fc6d8c08f1fdfedfbb0213c5aa2ea098') in 0.018061 seconds
Number of updated asset objects reloaded before import = 0
Number of asset objects unloaded after import = 36
========================================================================
Received Import Request.
  Time since last request: 0.247146 seconds.
  path: Assets/Visual/Sprite/hide.asset
  artifactKey: Guid(4a827e0dafac66f4cb0b79478050037a) Importer(815301076,1909f56bfc062723c751e8b465ee728b)
Start importing Assets/Visual/Sprite/hide.asset using Guid(4a827e0dafac66f4cb0b79478050037a) Importer(815301076,1909f56bfc062723c751e8b465ee728b) [PhysX] Initialized MultithreadedTaskDispatcher with 24 workers.
 -> (artifact id: '7e781767760cb862761ceb8f3d2a6f2c') in 0.019338 seconds
Number of updated asset objects reloaded before import = 0
Number of asset objects unloaded after import = 3
========================================================================
Received Import Request.
  Time since last request: 0.000022 seconds.
  path: Assets/Visual/Sprite/icon-iap.asset
  artifactKey: Guid(df473a85c4b4ccd4cb72438c9130c285) Importer(815301076,1909f56bfc062723c751e8b465ee728b)
Start importing Assets/Visual/Sprite/icon-iap.asset using Guid(df473a85c4b4ccd4cb72438c9130c285) Importer(815301076,1909f56bfc062723c751e8b465ee728b) [PhysX] Initialized MultithreadedTaskDispatcher with 24 workers.
 -> (artifact id: 'cce32370d2b8639641230f413ab5f072') in 0.009644 seconds
Number of updated asset objects reloaded before import = 0
Number of asset objects unloaded after import = 3
========================================================================
Received Import Request.
  Time since last request: 0.000025 seconds.
  path: Assets/Visual/Sprite/icons8-back-arrow-48.asset
  artifactKey: Guid(de6caee48352e6f4187d4503d48a8159) Importer(815301076,1909f56bfc062723c751e8b465ee728b)
Start importing Assets/Visual/Sprite/icons8-back-arrow-48.asset using Guid(de6caee48352e6f4187d4503d48a8159) Importer(815301076,1909f56bfc062723c751e8b465ee728b) [PhysX] Initialized MultithreadedTaskDispatcher with 24 workers.
 -> (artifact id: 'b99313ab0e5d0530338b07ca1ee520ca') in 0.009724 seconds
Number of updated asset objects reloaded before import = 0
Number of asset objects unloaded after import = 3
========================================================================
Received Import Request.
  Time since last request: 0.000024 seconds.
  path: Assets/Visual/Sprite/icons8-analytics-128.asset
  artifactKey: Guid(fe5e58932b7fcdb4c854bc5e4781f8e8) Importer(815301076,1909f56bfc062723c751e8b465ee728b)
Start importing Assets/Visual/Sprite/icons8-analytics-128.asset using Guid(fe5e58932b7fcdb4c854bc5e4781f8e8) Importer(815301076,1909f56bfc062723c751e8b465ee728b) [PhysX] Initialized MultithreadedTaskDispatcher with 24 workers.
 -> (artifact id: '958b5b248baa17e294e3eba6e390800b') in 0.005664 seconds
Number of updated asset objects reloaded before import = 0
Number of asset objects unloaded after import = 3
========================================================================
Received Import Request.
  Time since last request: 0.000019 seconds.
  path: Assets/Visual/Sprite/icons8-close-window-96.asset
  artifactKey: Guid(dd9d02c05119c4d448bf00d25226a08c) Importer(815301076,1909f56bfc062723c751e8b465ee728b)
Start importing Assets/Visual/Sprite/icons8-close-window-96.asset using Guid(dd9d02c05119c4d448bf00d25226a08c) Importer(815301076,1909f56bfc062723c751e8b465ee728b) [PhysX] Initialized MultithreadedTaskDispatcher with 24 workers.
 -> (artifact id: '9ff710d3b23ed816caa3fd01e42e94f6') in 0.017671 seconds
Number of updated asset objects reloaded before import = 0
Number of asset objects unloaded after import = 3
========================================================================
Received Import Request.
  Time since last request: 0.218061 seconds.
  path: Assets/Visual/Sprite/icons8-code-96.asset
  artifactKey: Guid(cd5e25343a3b34d47a7db885d51c5ae9) Importer(815301076,1909f56bfc062723c751e8b465ee728b)
Start importing Assets/Visual/Sprite/icons8-code-96.asset using Guid(cd5e25343a3b34d47a7db885d51c5ae9) Importer(815301076,1909f56bfc062723c751e8b465ee728b) [PhysX] Initialized MultithreadedTaskDispatcher with 24 workers.
 -> (artifact id: '6c3d50e33ecdf87ee1dd92e21566f78e') in 0.020999 seconds
Number of updated asset objects reloaded before import = 0
Number of asset objects unloaded after import = 3
========================================================================
Received Import Request.
  Time since last request: 0.000028 seconds.
  path: Assets/Visual/Sprite/icons8-error-64.asset
  artifactKey: Guid(bcdb5622b5dc7ca4b82d2b469c2e69de) Importer(815301076,1909f56bfc062723c751e8b465ee728b)
Start importing Assets/Visual/Sprite/icons8-error-64.asset using Guid(bcdb5622b5dc7ca4b82d2b469c2e69de) Importer(815301076,1909f56bfc062723c751e8b465ee728b) [PhysX] Initialized MultithreadedTaskDispatcher with 24 workers.
 -> (artifact id: '7412e10fae7b2c479db8758a25b61ffb') in 0.017910 seconds
Number of updated asset objects reloaded before import = 0
Number of asset objects unloaded after import = 3
========================================================================
Received Import Request.
  Time since last request: 0.000022 seconds.
  path: Assets/Visual/Sprite/icons8-gdpr-96.asset
  artifactKey: Guid(03cf075cd6e896940a47d043852e77a6) Importer(815301076,1909f56bfc062723c751e8b465ee728b)
Start importing Assets/Visual/Sprite/icons8-gdpr-96.asset using Guid(03cf075cd6e896940a47d043852e77a6) Importer(815301076,1909f56bfc062723c751e8b465ee728b) [PhysX] Initialized MultithreadedTaskDispatcher with 24 workers.
 -> (artifact id: '0d03bf747312523e9cbb8b8838992706') in 0.020445 seconds
Number of updated asset objects reloaded before import = 0
Number of asset objects unloaded after import = 3
========================================================================
Received Import Request.
  Time since last request: 0.000052 seconds.
  path: Assets/Visual/Sprite/icons8-filter-96.asset
  artifactKey: Guid(ecca1490cb647854593254f455954927) Importer(815301076,1909f56bfc062723c751e8b465ee728b)
Start importing Assets/Visual/Sprite/icons8-filter-96.asset using Guid(ecca1490cb647854593254f455954927) Importer(815301076,1909f56bfc062723c751e8b465ee728b) [PhysX] Initialized MultithreadedTaskDispatcher with 24 workers.
 -> (artifact id: 'a03765045443da48c51c2ef303567013') in 0.014162 seconds
Number of updated asset objects reloaded before import = 0
Number of asset objects unloaded after import = 3
========================================================================
Received Import Request.
  Time since last request: 0.000026 seconds.
  path: Assets/Visual/Sprite/icons8-note-48.asset
  artifactKey: Guid(3c620aafd11823e49a9ce45a3fa7f72f) Importer(815301076,1909f56bfc062723c751e8b465ee728b)
Start importing Assets/Visual/Sprite/icons8-note-48.asset using Guid(3c620aafd11823e49a9ce45a3fa7f72f) Importer(815301076,1909f56bfc062723c751e8b465ee728b) [PhysX] Initialized MultithreadedTaskDispatcher with 24 workers.
 -> (artifact id: '16f9b9dd5c8cd2c6b4f476a8d27731e5') in 0.015937 seconds
Number of updated asset objects reloaded before import = 0
Number of asset objects unloaded after import = 3
========================================================================
Received Import Request.
  Time since last request: 0.000027 seconds.
  path: Assets/Visual/Sprite/icons8-test-tube-48.asset
  artifactKey: Guid(3f721357dfd4a284992653bd6dd78ab3) Importer(815301076,1909f56bfc062723c751e8b465ee728b)
Start importing Assets/Visual/Sprite/icons8-test-tube-48.asset using Guid(3f721357dfd4a284992653bd6dd78ab3) Importer(815301076,1909f56bfc062723c751e8b465ee728b) [PhysX] Initialized MultithreadedTaskDispatcher with 24 workers.
 -> (artifact id: 'd88c667a07fb4ee020c1311e675346c3') in 0.007378 seconds
Number of updated asset objects reloaded before import = 0
Number of asset objects unloaded after import = 3
========================================================================
Received Import Request.
  Time since last request: 0.000033 seconds.
  path: Assets/Visual/Sprite/icons8-toggle-off-48.asset
  artifactKey: Guid(6e3c781138f28c54caae96f7cbbcc1f5) Importer(815301076,1909f56bfc062723c751e8b465ee728b)
Start importing Assets/Visual/Sprite/icons8-toggle-off-48.asset using Guid(6e3c781138f28c54caae96f7cbbcc1f5) Importer(815301076,1909f56bfc062723c751e8b465ee728b) [PhysX] Initialized MultithreadedTaskDispatcher with 24 workers.
 -> (artifact id: '6ce2e5b2ff2925bfcbebf2faeb33d00b') in 0.012635 seconds
Number of updated asset objects reloaded before import = 0
Number of asset objects unloaded after import = 3
========================================================================
Received Import Request.
  Time since last request: 0.002646 seconds.
  path: Assets/Visual/Sprite/InputFieldBackground.asset
  artifactKey: Guid(80ce2812dac27244f9e098aa91ccc23c) Importer(815301076,1909f56bfc062723c751e8b465ee728b)
Start importing Assets/Visual/Sprite/InputFieldBackground.asset using Guid(80ce2812dac27244f9e098aa91ccc23c) Importer(815301076,1909f56bfc062723c751e8b465ee728b) [PhysX] Initialized MultithreadedTaskDispatcher with 24 workers.
 -> (artifact id: 'b2ce8dfa33396cda2e2f7626ed920724') in 0.021004 seconds
Number of updated asset objects reloaded before import = 0
Number of asset objects unloaded after import = 3
========================================================================
Received Import Request.
  Time since last request: 0.000033 seconds.
  path: Assets/Visual/Sprite/Negative.asset
  artifactKey: Guid(23a95b31a9004d9488854613ddb6b102) Importer(815301076,1909f56bfc062723c751e8b465ee728b)
Start importing Assets/Visual/Sprite/Negative.asset using Guid(23a95b31a9004d9488854613ddb6b102) Importer(815301076,1909f56bfc062723c751e8b465ee728b) [PhysX] Initialized MultithreadedTaskDispatcher with 24 workers.
 -> (artifact id: 'e6db8592e586b058f58013456ad0a4f6') in 0.018776 seconds
Number of updated asset objects reloaded before import = 0
Number of asset objects unloaded after import = 6
========================================================================
Received Import Request.
  Time since last request: 0.000025 seconds.
  path: Assets/Visual/Sprite/parquet_orange.asset
  artifactKey: Guid(4b81c8811ef4a7d42be8c613bda8405b) Importer(815301076,1909f56bfc062723c751e8b465ee728b)
Start importing Assets/Visual/Sprite/parquet_orange.asset using Guid(4b81c8811ef4a7d42be8c613bda8405b) Importer(815301076,1909f56bfc062723c751e8b465ee728b) [PhysX] Initialized MultithreadedTaskDispatcher with 24 workers.
 -> (artifact id: '432e5f3528792c4aac51f0da9a64cb00') in 0.027835 seconds
Number of updated asset objects reloaded before import = 0
Number of asset objects unloaded after import = 3
========================================================================
Received Import Request.
  Time since last request: 0.000026 seconds.
  path: Assets/Visual/Sprite/Pirate_Thumbnail.asset
  artifactKey: Guid(50b80054d3e131c48ad0213d9cb3d0e2) Importer(815301076,1909f56bfc062723c751e8b465ee728b)
Start importing Assets/Visual/Sprite/Pirate_Thumbnail.asset using Guid(50b80054d3e131c48ad0213d9cb3d0e2) Importer(815301076,1909f56bfc062723c751e8b465ee728b) [PhysX] Initialized MultithreadedTaskDispatcher with 24 workers.
 -> (artifact id: '94798a7a23d04e803037bc72be6fc9a0') in 0.021249 seconds
Number of updated asset objects reloaded before import = 0
Number of asset objects unloaded after import = 3
========================================================================
Received Import Request.
  Time since last request: 0.000034 seconds.
  path: Assets/Visual/Sprite/privacy.asset
  artifactKey: Guid(3cbe3581e9b3bcb47a1934499c28b6f4) Importer(815301076,1909f56bfc062723c751e8b465ee728b)
Start importing Assets/Visual/Sprite/privacy.asset using Guid(3cbe3581e9b3bcb47a1934499c28b6f4) Importer(815301076,1909f56bfc062723c751e8b465ee728b) [PhysX] Initialized MultithreadedTaskDispatcher with 24 workers.
 -> (artifact id: '1b3597724c469e6764566f74e13d0ad2') in 0.017749 seconds
Number of updated asset objects reloaded before import = 0
Number of asset objects unloaded after import = 3
========================================================================
Received Import Request.
  Time since last request: 0.000021 seconds.
  path: Assets/Visual/Sprite/Robot_Thumbnail.asset
  artifactKey: Guid(e247728963234be4590b7e3f2a03c04a) Importer(815301076,1909f56bfc062723c751e8b465ee728b)
Start importing Assets/Visual/Sprite/Robot_Thumbnail.asset using Guid(e247728963234be4590b7e3f2a03c04a) Importer(815301076,1909f56bfc062723c751e8b465ee728b) [PhysX] Initialized MultithreadedTaskDispatcher with 24 workers.
 -> (artifact id: '13259b04ad9680c9e6bbc114bde38a78') in 0.022080 seconds
Number of updated asset objects reloaded before import = 0
Number of asset objects unloaded after import = 3
========================================================================
Received Import Request.
  Time since last request: 0.000028 seconds.
  path: Assets/Visual/Sprite/recording_logo_on.asset
  artifactKey: Guid(9701c8ddea9756649a5ae452d6cf09ba) Importer(815301076,1909f56bfc062723c751e8b465ee728b)
Start importing Assets/Visual/Sprite/recording_logo_on.asset using Guid(9701c8ddea9756649a5ae452d6cf09ba) Importer(815301076,1909f56bfc062723c751e8b465ee728b) [PhysX] Initialized MultithreadedTaskDispatcher with 24 workers.
 -> (artifact id: '62f97cbdeb4ef62d14f7fb21d97062b2') in 0.008515 seconds
Number of updated asset objects reloaded before import = 0
Number of asset objects unloaded after import = 3
========================================================================
Received Import Request.
  Time since last request: 0.671402 seconds.
  path: Assets/Visual/Sprite/sand.asset
  artifactKey: Guid(8d799175bec31a0438626b9f10c3c337) Importer(815301076,1909f56bfc062723c751e8b465ee728b)
Start importing Assets/Visual/Sprite/sand.asset using Guid(8d799175bec31a0438626b9f10c3c337) Importer(815301076,1909f56bfc062723c751e8b465ee728b) [PhysX] Initialized MultithreadedTaskDispatcher with 24 workers.
 -> (artifact id: '66e7fe3b966a270a3e1d9a491329b3e8') in 0.013222 seconds
Number of updated asset objects reloaded before import = 0
Number of asset objects unloaded after import = 3
========================================================================
Received Import Request.
  Time since last request: 0.002161 seconds.
  path: Assets/Visual/Sprite/shop_skin.asset
  artifactKey: Guid(01c5843a12e98674c91ce1f0a85d8166) Importer(815301076,1909f56bfc062723c751e8b465ee728b)
Start importing Assets/Visual/Sprite/shop_skin.asset using Guid(01c5843a12e98674c91ce1f0a85d8166) Importer(815301076,1909f56bfc062723c751e8b465ee728b) [PhysX] Initialized MultithreadedTaskDispatcher with 24 workers.
 -> (artifact id: 'bc36682c31c4acd02bc7488043b3827b') in 0.007748 seconds
Number of updated asset objects reloaded before import = 0
Number of asset objects unloaded after import = 3
========================================================================
Received Import Request.
  Time since last request: 0.001888 seconds.
  path: Assets/Visual/Sprite/slot_transparent 1.asset
  artifactKey: Guid(7d861b1171cad784189ca706176f00be) Importer(815301076,1909f56bfc062723c751e8b465ee728b)
Start importing Assets/Visual/Sprite/slot_transparent 1.asset using Guid(7d861b1171cad784189ca706176f00be) Importer(815301076,1909f56bfc062723c751e8b465ee728b) [PhysX] Initialized MultithreadedTaskDispatcher with 24 workers.
 -> (artifact id: '7da45a57bd8ac3b81b53236b87bd20ae') in 0.008070 seconds
Number of updated asset objects reloaded before import = 0
Number of asset objects unloaded after import = 3
========================================================================
Received Import Request.
  Time since last request: 0.829474 seconds.
  path: Assets/Visual/Sprite/spinner.asset
  artifactKey: Guid(90e4d0d6e717878489831e3854851aa7) Importer(815301076,1909f56bfc062723c751e8b465ee728b)
Start importing Assets/Visual/Sprite/spinner.asset using Guid(90e4d0d6e717878489831e3854851aa7) Importer(815301076,1909f56bfc062723c751e8b465ee728b) [PhysX] Initialized MultithreadedTaskDispatcher with 24 workers.
 -> (artifact id: '6c347e3745f33ac069c8d8237981956b') in 0.010109 seconds
Number of updated asset objects reloaded before import = 0
Number of asset objects unloaded after import = 3
========================================================================
Received Import Request.
  Time since last request: 0.000842 seconds.
  path: Assets/Visual/Sprite/star_gradiant.asset
  artifactKey: Guid(718ce84d34aa01a49b9759022a0f1b88) Importer(815301076,1909f56bfc062723c751e8b465ee728b)
Start importing Assets/Visual/Sprite/star_gradiant.asset using Guid(718ce84d34aa01a49b9759022a0f1b88) Importer(815301076,1909f56bfc062723c751e8b465ee728b) [PhysX] Initialized MultithreadedTaskDispatcher with 24 workers.
 -> (artifact id: '68c450155a590f8df748df31db61cc5d') in 0.011637 seconds
Number of updated asset objects reloaded before import = 0
Number of asset objects unloaded after import = 3
========================================================================
Received Import Request.
  Time since last request: 0.000658 seconds.
  path: Assets/Visual/Sprite/toggle_off.asset
  artifactKey: Guid(36ddffb119f0cd440961afb2ee0a38bf) Importer(815301076,1909f56bfc062723c751e8b465ee728b)
Start importing Assets/Visual/Sprite/toggle_off.asset using Guid(36ddffb119f0cd440961afb2ee0a38bf) Importer(815301076,1909f56bfc062723c751e8b465ee728b) [PhysX] Initialized MultithreadedTaskDispatcher with 24 workers.
 -> (artifact id: '06582eb5e2a064f3ee7b7def99d68a71') in 0.013183 seconds
Number of updated asset objects reloaded before import = 0
Number of asset objects unloaded after import = 3
========================================================================
Received Import Request.
  Time since last request: 0.009343 seconds.
  path: Assets/Visual/Sprite/UIMask.asset
  artifactKey: Guid(12520bae5cb353a499c5258c6c8b45e5) Importer(815301076,1909f56bfc062723c751e8b465ee728b)
Start importing Assets/Visual/Sprite/UIMask.asset using Guid(12520bae5cb353a499c5258c6c8b45e5) Importer(815301076,1909f56bfc062723c751e8b465ee728b) [PhysX] Initialized MultithreadedTaskDispatcher with 24 workers.
 -> (artifact id: 'ea101d87fedc21e4ab20cb5d211a98e2') in 0.013085 seconds
Number of updated asset objects reloaded before import = 0
Number of asset objects unloaded after import = 3
========================================================================
Received Import Request.
  Time since last request: 0.001844 seconds.
  path: Assets/Visual/Sprite/watch.asset
  artifactKey: Guid(eb5156f06ed0d1d4991979677224014d) Importer(815301076,1909f56bfc062723c751e8b465ee728b)
Start importing Assets/Visual/Sprite/watch.asset using Guid(eb5156f06ed0d1d4991979677224014d) Importer(815301076,1909f56bfc062723c751e8b465ee728b) [PhysX] Initialized MultithreadedTaskDispatcher with 24 workers.
 -> (artifact id: 'b3f3b39c16188956a52a6a59a803c00c') in 0.012700 seconds
Number of updated asset objects reloaded before import = 0
Number of asset objects unloaded after import = 3
========================================================================
Received Import Request.
  Time since last request: 1.317639 seconds.
  path: Assets/Visual/Texture2D/shop_tab_select.png
  artifactKey: Guid(361b1124432b24945b55b28a1bedcfb6) Importer(815301076,1909f56bfc062723c751e8b465ee728b)
Start importing Assets/Visual/Texture2D/shop_tab_select.png using Guid(361b1124432b24945b55b28a1bedcfb6) Importer(815301076,1909f56bfc062723c751e8b465ee728b) [PhysX] Initialized MultithreadedTaskDispatcher with 24 workers.
[PhysX] Initialized MultithreadedTaskDispatcher with 24 workers.
 -> (artifact id: '385bfc8d194a9d835e6447aff63fcce6') in 0.017116 seconds
Number of updated asset objects reloaded before import = 0
Number of asset objects unloaded after import = 3
========================================================================
Received Import Request.
  Time since last request: 0.000016 seconds.
  path: Assets/Visual/Texture2D/sky_yellow.png
  artifactKey: Guid(3b49b1070cf1885449a3e0bf21490709) Importer(815301076,1909f56bfc062723c751e8b465ee728b)
Start importing Assets/Visual/Texture2D/sky_yellow.png using Guid(3b49b1070cf1885449a3e0bf21490709) Importer(815301076,1909f56bfc062723c751e8b465ee728b) [PhysX] Initialized MultithreadedTaskDispatcher with 24 workers.
[PhysX] Initialized MultithreadedTaskDispatcher with 24 workers.
 -> (artifact id: 'db35e6ffae5c68ce71eb0f25c1403d79') in 0.010246 seconds
Number of updated asset objects reloaded before import = 0
Number of asset objects unloaded after import = 2
========================================================================
Received Import Request.
  Time since last request: 0.000017 seconds.
  path: Assets/Visual/Texture2D/sound_on.png
  artifactKey: Guid(73bd9ced69678634383ec54a292e415c) Importer(815301076,1909f56bfc062723c751e8b465ee728b)
Start importing Assets/Visual/Texture2D/sound_on.png using Guid(73bd9ced69678634383ec54a292e415c) Importer(815301076,1909f56bfc062723c751e8b465ee728b) [PhysX] Initialized MultithreadedTaskDispatcher with 24 workers.
[PhysX] Initialized MultithreadedTaskDispatcher with 24 workers.
 -> (artifact id: 'e33b764c65babb42fbecaed5a6c3986b') in 0.014156 seconds
Number of updated asset objects reloaded before import = 0
Number of asset objects unloaded after import = 3
========================================================================
Received Import Request.
  Time since last request: 0.000024 seconds.
  path: Assets/Visual/Texture2D/sparkle_0.png
  artifactKey: Guid(09dca2839eb43fc48be1d38e55040b1e) Importer(815301076,1909f56bfc062723c751e8b465ee728b)
Start importing Assets/Visual/Texture2D/sparkle_0.png using Guid(09dca2839eb43fc48be1d38e55040b1e) Importer(815301076,1909f56bfc062723c751e8b465ee728b) [PhysX] Initialized MultithreadedTaskDispatcher with 24 workers.
[PhysX] Initialized MultithreadedTaskDispatcher with 24 workers.
 -> (artifact id: '4625c31d7e72e0b44016749709490a23') in 0.012080 seconds
Number of updated asset objects reloaded before import = 0
Number of asset objects unloaded after import = 2
========================================================================
Received Import Request.
  Time since last request: 0.000018 seconds.
  path: Assets/Visual/Texture2D/textfield on.png
  artifactKey: Guid(94a43eb9d20f9c849a0b64c515aa4f14) Importer(815301076,1909f56bfc062723c751e8b465ee728b)
Start importing Assets/Visual/Texture2D/textfield on.png using Guid(94a43eb9d20f9c849a0b64c515aa4f14) Importer(815301076,1909f56bfc062723c751e8b465ee728b) [PhysX] Initialized MultithreadedTaskDispatcher with 24 workers.
[PhysX] Initialized MultithreadedTaskDispatcher with 24 workers.
 -> (artifact id: '43361602154667b2e14ee57bd637f191') in 0.010323 seconds
Number of updated asset objects reloaded before import = 0
Number of asset objects unloaded after import = 2
========================================================================
Received Import Request.
  Time since last request: 0.000019 seconds.
  path: Assets/Visual/Texture2D/toggle hover.png
  artifactKey: Guid(f8cdb1f0e533fcf42990f14323cae59f) Importer(815301076,1909f56bfc062723c751e8b465ee728b)
Start importing Assets/Visual/Texture2D/toggle hover.png using Guid(f8cdb1f0e533fcf42990f14323cae59f) Importer(815301076,1909f56bfc062723c751e8b465ee728b) [PhysX] Initialized MultithreadedTaskDispatcher with 24 workers.
[PhysX] Initialized MultithreadedTaskDispatcher with 24 workers.
 -> (artifact id: 'e327bfd6fc0c1253ce7bff56e60bfbde') in 0.009494 seconds
Number of updated asset objects reloaded before import = 0
Number of asset objects unloaded after import = 2
========================================================================
Received Import Request.
  Time since last request: 0.000027 seconds.
  path: Assets/Visual/Texture2D/toggle_off.png
  artifactKey: Guid(65aa7305201bf6c4494e40b6258d5dfa) Importer(815301076,1909f56bfc062723c751e8b465ee728b)
Start importing Assets/Visual/Texture2D/toggle_off.png using Guid(65aa7305201bf6c4494e40b6258d5dfa) Importer(815301076,1909f56bfc062723c751e8b465ee728b) [PhysX] Initialized MultithreadedTaskDispatcher with 24 workers.
[PhysX] Initialized MultithreadedTaskDispatcher with 24 workers.
 -> (artifact id: 'f9c0fece87737d6b9fd99a6010f8fc3f') in 0.014587 seconds
Number of updated asset objects reloaded before import = 0
Number of asset objects unloaded after import = 3
========================================================================
Received Import Request.
  Time since last request: 44.014831 seconds.
  path: Assets/Visual/Mesh/LowPoly/bills.fbx
  artifactKey: Guid(1ecdd3811a23ce641b655a1e61609295) Importer(815301076,1909f56bfc062723c751e8b465ee728b)
Start importing Assets/Visual/Mesh/LowPoly/bills.fbx using Guid(1ecdd3811a23ce641b655a1e61609295) Importer(815301076,1909f56bfc062723c751e8b465ee728b) [PhysX] Initialized MultithreadedTaskDispatcher with 24 workers.
[PhysX] Initialized MultithreadedTaskDispatcher with 24 workers.
[PhysX] Initialized MultithreadedTaskDispatcher with 24 workers.
[PhysX] Initialized MultithreadedTaskDispatcher with 24 workers.
 -> (artifact id: '72fca5c9790f868bfda04120045bd8d0') in 0.037671 seconds
Number of updated asset objects reloaded before import = 0
Number of asset objects unloaded after import = 10
Editor requested this worker to shutdown with reason: Scaling down because of idle timeout
TcpMessagingSession - receive error: operation aborted. errorcode: 995, details: The I/O operation has been aborted because of either a thread exit or an application request.
AssetImportWorker is now disconnected from the server
Process exiting
Exiting without the bug reporter. Application will terminate with return code 0